TN:
SF:__tests__\mocks\DispatchEmailMock.ts
FN:4,dispatch
FNF:1
FNH:1
FNDA:1,dispatch
DA:1,1
DA:2,1
DA:3,1
DA:4,1
DA:5,1
LF:5
LH:5
BRDA:4,0,0,1
BRDA:4,1,0,1
BRF:2
BRH:2
end_of_record
TN:
SF:__tests__\mocks\EncrypterMock.ts
FN:4,encrypt
FN:8,isEqual
FNF:2
FNH:1
FNDA:1,encrypt
FNDA:0,isEqual
DA:1,1
DA:2,1
DA:3,1
DA:4,1
DA:5,1
DA:6,1
DA:7,1
DA:8,1
DA:9,0
DA:10,0
DA:11,1
LF:11
LH:9
BRDA:4,0,0,1
BRF:1
BRH:1
end_of_record
TN:
SF:__tests__\mocks\UserRepositoryMock.ts
FN:5,findByEmail
FN:14,save
FN:16,findById
FNF:3
FNH:1
FNDA:0,findByEmail
FNDA:1,save
FNDA:0,findById
DA:1,1
DA:2,1
DA:3,1
DA:4,1
DA:5,1
DA:6,0
DA:7,0
DA:8,0
DA:9,0
DA:10,0
DA:11,0
DA:12,0
DA:13,1
DA:14,1
DA:15,1
DA:16,1
DA:17,0
DA:18,0
DA:19,0
DA:20,0
DA:21,0
DA:22,0
DA:23,0
DA:24,1
LF:24
LH:10
BRDA:14,0,0,1
BRDA:14,1,0,1
BRF:2
BRH:2
end_of_record
TN:
SF:src\errors\EmailAlreadyTaken.ts
FNF:0
FNH:0
DA:1,1
LF:1
LH:1
BRF:0
BRH:0
end_of_record
TN:
SF:src\errors\InvalidPassword.ts
FNF:0
FNH:0
DA:1,1
LF:1
LH:1
BRF:0
BRH:0
end_of_record
TN:
SF:src\use-cases\create-user-use-case.ts
FN:11,CreateUserUseCase
FN:17,handle
FNF:2
FNH:2
FNDA:3,CreateUserUseCase
FNDA:3,handle
DA:1,1
DA:2,1
DA:3,1
DA:4,1
DA:5,1
DA:6,1
DA:7,1
DA:8,1
DA:9,1
DA:10,1
DA:11,1
DA:12,3
DA:13,3
DA:14,3
DA:15,3
DA:16,1
DA:17,1
DA:18,3
DA:19,3
DA:20,2
DA:21,3
DA:22,1
DA:23,1
DA:24,1
DA:25,1
DA:26,1
DA:27,1
DA:28,1
DA:29,1
DA:30,1
DA:31,1
DA:32,1
DA:33,1
LF:33
LH:33
BRDA:11,0,0,3
BRDA:17,1,0,3
BRDA:19,2,0,1
BRDA:20,3,0,2
BRDA:21,4,0,1
BRF:5
BRH:5
end_of_record
